# JRE version: Java(TM) SE Runtime Environment (8.0_161-b12) (build 1.8.0_161-b12)
# Java VM: Java HotSpot(TM) 64-Bit Server VM (25.161-b12 mixed mode windows-amd64 compressed oops)
Heap:
 PSYoungGen      total 70656K, used 36241K [0x00000000d6100000, 0x00000000dfc00000, 0x0000000100000000)
  eden space 65536K, 47% used [0x00000000d6100000,0x00000000d7f65e48,0x00000000da100000)
  from space 5120K, 99% used [0x00000000da100000,0x00000000da5fe640,0x00000000da600000)
  to   space 13824K, 0% used [0x00000000dee80000,0x00000000dee80000,0x00000000dfc00000)
 ParOldGen       total 86016K, used 17959K [0x0000000082200000, 0x0000000087600000, 0x00000000d6100000)
  object space 86016K, 20% used [0x0000000082200000,0x0000000083389dd0,0x0000000087600000)
 Metaspace       used 15599K, capacity 15904K, committed 16128K, reserved 1062912K
  class space    used 1836K, capacity 1952K, committed 2048K, reserved 1048576K
GC Heap History (10 events):
Event: 1.078 GC heap before
{Heap before GC invocations=1 (full 0):
 PSYoungGen      total 37888K, used 32768K [0x00000000d6100000, 0x00000000d8b00000, 0x0000000100000000)
  eden space 32768K, 100% used [0x00000000d6100000,0x00000000d8100000,0x00000000d8100000)
  from space 5120K, 0% used [0x00000000d8600000,0x00000000d8600000,0x00000000d8b00000)
  to   space 5120K, 0% used [0x00000000d8100000,0x00000000d8100000,0x00000000d8600000)
 ParOldGen       total 86016K, used 0K [0x0000000082200000, 0x0000000087600000, 0x00000000d6100000)
  object space 86016K, 0% used [0x0000000082200000,0x0000000082200000,0x0000000087600000)
 Metaspace       used 7897K, capacity 8068K, committed 8320K, reserved 1056768K
  class space    used 985K, capacity 1052K, committed 1152K, reserved 1048576K
Event: 1.085 GC heap after
Heap after GC invocations=1 (full 0):
 PSYoungGen      total 37888K, used 4862K [0x00000000d6100000, 0x00000000d8b00000, 0x0000000100000000)
  eden space 32768K, 0% used [0x00000000d6100000,0x00000000d6100000,0x00000000d8100000)
  from space 5120K, 94% used [0x00000000d8100000,0x00000000d85bfa58,0x00000000d8600000)
  to   space 5120K, 0% used [0x00000000d8600000,0x00000000d8600000,0x00000000d8b00000)
 ParOldGen       total 86016K, used 8K [0x0000000082200000, 0x0000000087600000, 0x00000000d6100000)
  object space 86016K, 0% used [0x0000000082200000,0x0000000082202000,0x0000000087600000)
 Metaspace       used 7897K, capacity 8068K, committed 8320K, reserved 1056768K
  class space    used 985K, capacity 1052K, committed 1152K, reserved 1048576K
}
Event: 1.643 GC heap before
{Heap before GC invocations=2 (full 0):
 PSYoungGen      total 37888K, used 37630K [0x00000000d6100000, 0x00000000d8b00000, 0x0000000100000000)
  eden space 32768K, 100% used [0x00000000d6100000,0x00000000d8100000,0x00000000d8100000)
  from space 5120K, 94% used [0x00000000d8100000,0x00000000d85bfa58,0x00000000d8600000)
  to   space 5120K, 0% used [0x00000000d8600000,0x00000000d8600000,0x00000000d8b00000)
 ParOldGen       total 86016K, used 8K [0x0000000082200000, 0x0000000087600000, 0x00000000d6100000)
  object space 86016K, 0% used [0x0000000082200000,0x0000000082202000,0x0000000087600000)
 Metaspace       used 11825K, capacity 12086K, committed 12416K, reserved 1060864K
  class space    used 1487K, capacity 1577K, committed 1664K, reserved 1048576K
Event: 1.652 GC heap after
Heap after GC invocations=2 (full 0):
 PSYoungGen      total 37888K, used 5112K [0x00000000d6100000, 0x00000000dab00000, 0x0000000100000000)
  eden space 32768K, 0% used [0x00000000d6100000,0x00000000d6100000,0x00000000d8100000)
  from space 5120K, 99% used [0x00000000d8600000,0x00000000d8afe198,0x00000000d8b00000)
  to   space 5120K, 0% used [0x00000000d8100000,0x00000000d8100000,0x00000000d8600000)
 ParOldGen       total 86016K, used 2331K [0x0000000082200000, 0x0000000087600000, 0x00000000d6100000)
  object space 86016K, 2% used [0x0000000082200000,0x0000000082446d08,0x0000000087600000)
 Metaspace       used 11825K, capacity 12086K, committed 12416K, reserved 1060864K
  class space    used 1487K, capacity 1577K, committed 1664K, reserved 1048576K
}
Event: 2.307 GC heap before
{Heap before GC invocations=3 (full 0):
 PSYoungGen      total 37888K, used 37880K [0x00000000d6100000, 0x00000000dab00000, 0x0000000100000000)
  eden space 32768K, 100% used [0x00000000d6100000,0x00000000d8100000,0x00000000d8100000)
  from space 5120K, 99% used [0x00000000d8600000,0x00000000d8afe198,0x00000000d8b00000)
  to   space 5120K, 0% used [0x00000000d8100000,0x00000000d8100000,0x00000000d8600000)
 ParOldGen       total 86016K, used 2331K [0x0000000082200000, 0x0000000087600000, 0x00000000d6100000)
  object space 86016K, 2% used [0x0000000082200000,0x0000000082446d08,0x0000000087600000)
 Metaspace       used 14580K, capacity 14896K, committed 15232K, reserved 1062912K
  class space    used 1792K, capacity 1880K, committed 1920K, reserved 1048576K
Event: 2.320 GC heap after
Heap after GC invocations=3 (full 0):
 PSYoungGen      total 37888K, used 5113K [0x00000000d6100000, 0x00000000dab00000, 0x0000000100000000)
  eden space 32768K, 0% used [0x00000000d6100000,0x00000000d6100000,0x00000000d8100000)
  from space 5120K, 99% used [0x00000000d8100000,0x00000000d85fe660,0x00000000d8600000)
  to   space 5120K, 0% used [0x00000000da600000,0x00000000da600000,0x00000000dab00000)
 ParOldGen       total 86016K, used 6763K [0x0000000082200000, 0x0000000087600000, 0x00000000d6100000)
  object space 86016K, 7% used [0x0000000082200000,0x000000008289ae58,0x0000000087600000)
 Metaspace       used 14580K, capacity 14896K, committed 15232K, reserved 1062912K
  class space    used 1792K, capacity 1880K, committed 1920K, reserved 1048576K
}
Event: 3.246 GC heap before
{Heap before GC invocations=4 (full 0):
 PSYoungGen      total 37888K, used 37881K [0x00000000d6100000, 0x00000000dab00000, 0x0000000100000000)
  eden space 32768K, 100% used [0x00000000d6100000,0x00000000d8100000,0x00000000d8100000)
  from space 5120K, 99% used [0x00000000d8100000,0x00000000d85fe660,0x00000000d8600000)
  to   space 5120K, 0% used [0x00000000da600000,0x00000000da600000,0x00000000dab00000)
 ParOldGen       total 86016K, used 6763K [0x0000000082200000, 0x0000000087600000, 0x00000000d6100000)
  object space 86016K, 7% used [0x0000000082200000,0x000000008289ae58,0x0000000087600000)
 Metaspace       used 15065K, capacity 15286K, committed 15488K, reserved 1062912K
  class space    used 1815K, capacity 1881K, committed 1920K, reserved 1048576K
Event: 3.290 GC heap after
Heap after GC invocations=4 (full 0):
 PSYoungGen      total 70656K, used 5113K [0x00000000d6100000, 0x00000000dab00000, 0x0000000100000000)
  eden space 65536K, 0% used [0x00000000d6100000,0x00000000d6100000,0x00000000da100000)
  from space 5120K, 99% used [0x00000000da600000,0x00000000daafe640,0x00000000dab00000)
  to   space 5120K, 0% used [0x00000000da100000,0x00000000da100000,0x00000000da600000)
 ParOldGen       total 86016K, used 11147K [0x0000000082200000, 0x0000000087600000, 0x00000000d6100000)
  object space 86016K, 12% used [0x0000000082200000,0x0000000082ce2de8,0x0000000087600000)
 Metaspace       used 15065K, capacity 15286K, committed 15488K, reserved 1062912K
  class space    used 1815K, capacity 1881K, committed 1920K, reserved 1048576K
}
Event: 6.043 GC heap before
{Heap before GC invocations=5 (full 0):
 PSYoungGen      total 70656K, used 70649K [0x00000000d6100000, 0x00000000dab00000, 0x0000000100000000)
  eden space 65536K, 100% used [0x00000000d6100000,0x00000000da100000,0x00000000da100000)
  from space 5120K, 99% used [0x00000000da600000,0x00000000daafe640,0x00000000dab00000)
  to   space 5120K, 0% used [0x00000000da100000,0x00000000da100000,0x00000000da600000)
 ParOldGen       total 86016K, used 11147K [0x0000000082200000, 0x0000000087600000, 0x00000000d6100000)
  object space 86016K, 12% used [0x0000000082200000,0x0000000082ce2de8,0x0000000087600000)
 Metaspace       used 15455K, capacity 15764K, committed 16128K, reserved 1062912K
  class space    used 1833K, capacity 1950K, committed 2048K, reserved 1048576K
Event: 6.058 GC heap after
Heap after GC invocations=5 (full 0):
 PSYoungGen      total 70656K, used 5113K [0x00000000d6100000, 0x00000000dfc00000, 0x0000000100000000)
  eden space 65536K, 0% used [0x00000000d6100000,0x00000000d6100000,0x00000000da100000)
  from space 5120K, 99% used [0x00000000da100000,0x00000000da5fe640,0x00000000da600000)
  to   space 13824K, 0% used [0x00000000dee80000,0x00000000dee80000,0x00000000dfc00000)
 ParOldGen       total 86016K, used 17959K [0x0000000082200000, 0x0000000087600000, 0x00000000d6100000)
  object space 86016K, 20% used [0x0000000082200000,0x0000000083389dd0,0x0000000087600000)
 Metaspace       used 15455K, capacity 15764K, committed 16128K, reserved 1062912K
  class space    used 1833K, capacity 1950K, committed 2048K, reserved 1048576K
}

